Classic Timing Analyzer report for OCHY
Sat Apr 19 23:01:10 2025
Quartus II Version 9.1 Build 222 10/21/2009 SJ Web Edition


---------------------
; Table of Contents ;
---------------------
  1. Legal Notice
  2. Timing Analyzer Summary
  3. Timing Analyzer Settings
  4. Parallel Compilation
  5. tpd
  6. Timing Analyzer Messages



----------------
; Legal Notice ;
----------------
Copyright (C) 1991-2009 Altera Corporation
Your use of Altera Corporation's design tools, logic functions 
and other software and tools, and its AMPP partner logic 
functions, and any output files from any of the foregoing 
(including device programming or simulation files), and any 
associated documentation or information are expressly subject 
to the terms and conditions of the Altera Program License 
Subscription Agreement, Altera MegaCore Function License 
Agreement, or other applicable license agreement, including, 
without limitation, that your use is for the sole purpose of 
programming logic devices manufactured by Altera and sold by 
Altera or its authorized distributors.  Please refer to the 
applicable agreement for further details.



+-----------------------------------------------------------------------------------------------------------------------+
; Timing Analyzer Summary                                                                                               ;
+------------------------------+-------+---------------+-------------+------+----+------------+----------+--------------+
; Type                         ; Slack ; Required Time ; Actual Time ; From ; To ; From Clock ; To Clock ; Failed Paths ;
+------------------------------+-------+---------------+-------------+------+----+------------+----------+--------------+
; Worst-case tpd               ; N/A   ; None          ; 8.926 ns    ; x1   ; P1 ; --         ; --       ; 0            ;
; Total number of failed paths ;       ;               ;             ;      ;    ;            ;          ; 0            ;
+------------------------------+-------+---------------+-------------+------+----+------------+----------+--------------+


+-----------------------------------------------------------------------------------------------------------------------------------------------------+
; Timing Analyzer Settings                                                                                                                            ;
+------------------------------------------------------------------------------------------------------+--------------------+------+----+-------------+
; Option                                                                                               ; Setting            ; From ; To ; Entity Name ;
+------------------------------------------------------------------------------------------------------+--------------------+------+----+-------------+
; Device Name                                                                                          ; EPM240T100C5       ;      ;    ;             ;
; Timing Models                                                                                        ; Final              ;      ;    ;             ;
; Default hold multicycle                                                                              ; Same as Multicycle ;      ;    ;             ;
; Cut paths between unrelated clock domains                                                            ; On                 ;      ;    ;             ;
; Cut off read during write signal paths                                                               ; On                 ;      ;    ;             ;
; Cut off feedback from I/O pins                                                                       ; On                 ;      ;    ;             ;
; Report Combined Fast/Slow Timing                                                                     ; Off                ;      ;    ;             ;
; Ignore Clock Settings                                                                                ; Off                ;      ;    ;             ;
; Analyze latches as synchronous elements                                                              ; On                 ;      ;    ;             ;
; Enable Recovery/Removal analysis                                                                     ; Off                ;      ;    ;             ;
; Enable Clock Latency                                                                                 ; Off                ;      ;    ;             ;
; Use TimeQuest Timing Analyzer                                                                        ; Off                ;      ;    ;             ;
; Minimum Core Junction Temperature                                                                    ; 0                  ;      ;    ;             ;
; Maximum Core Junction Temperature                                                                    ; 85                 ;      ;    ;             ;
; Number of source nodes to report per destination node                                                ; 10                 ;      ;    ;             ;
; Number of destination nodes to report                                                                ; 10                 ;      ;    ;             ;
; Number of paths to report                                                                            ; 200                ;      ;    ;             ;
; Report Minimum Timing Checks                                                                         ; Off                ;      ;    ;             ;
; Use Fast Timing Models                                                                               ; Off                ;      ;    ;             ;
; Report IO Paths Separately                                                                           ; Off                ;      ;    ;             ;
; Perform Multicorner Analysis                                                                         ; Off                ;      ;    ;             ;
; Reports the worst-case path for each clock domain and analysis                                       ; Off                ;      ;    ;             ;
; Reports worst-case timing paths for each clock domain and analysis                                   ; On                 ;      ;    ;             ;
; Specifies the maximum number of worst-case timing paths to report for each clock domain and analysis ; 100                ;      ;    ;             ;
; Removes common clock path pessimism (CCPP) during slack computation                                  ; Off                ;      ;    ;             ;
; Output I/O Timing Endpoint                                                                           ; Near End           ;      ;    ;             ;
+------------------------------------------------------------------------------------------------------+--------------------+------+----+-------------+


Parallel compilation was disabled, but you have multiple processors available. Enable parallel compilation to reduce compilation time.
+-------------------------------------+
; Parallel Compilation                ;
+----------------------------+--------+
; Processors                 ; Number ;
+----------------------------+--------+
; Number detected on machine ; 12     ;
; Maximum allowed            ; 1      ;
+----------------------------+--------+


+---------------------------------------------------------+
; tpd                                                     ;
+-------+-------------------+-----------------+------+----+
; Slack ; Required P2P Time ; Actual P2P Time ; From ; To ;
+-------+-------------------+-----------------+------+----+
; N/A   ; None              ; 8.926 ns        ; x1   ; P1 ;
; N/A   ; None              ; 8.880 ns        ; y1   ; P1 ;
; N/A   ; None              ; 8.641 ns        ; x2   ; P1 ;
; N/A   ; None              ; 8.348 ns        ; h    ; P1 ;
; N/A   ; None              ; 7.944 ns        ; y1   ; P4 ;
; N/A   ; None              ; 7.920 ns        ; y2   ; P1 ;
; N/A   ; None              ; 7.877 ns        ; h    ; P4 ;
; N/A   ; None              ; 7.679 ns        ; x1   ; P3 ;
; N/A   ; None              ; 7.669 ns        ; x1   ; P4 ;
; N/A   ; None              ; 7.658 ns        ; h    ; P3 ;
; N/A   ; None              ; 7.589 ns        ; x2   ; P4 ;
; N/A   ; None              ; 7.585 ns        ; x2   ; P3 ;
; N/A   ; None              ; 7.449 ns        ; y2   ; P4 ;
; N/A   ; None              ; 7.432 ns        ; y1   ; P3 ;
; N/A   ; None              ; 6.169 ns        ; y2   ; P3 ;
+-------+-------------------+-----------------+------+----+


+--------------------------+
; Timing Analyzer Messages ;
+--------------------------+
Info: *******************************************************************
Info: Running Quartus II Classic Timing Analyzer
    Info: Version 9.1 Build 222 10/21/2009 SJ Web Edition
    Info: Processing started: Sat Apr 19 23:01:10 2025
Info: Command: quartus_tan --read_settings_files=off --write_settings_files=off OCHY -c OCHY
Info: Started post-fitting delay annotation
Info: Delay annotation completed successfully
Info: Longest tpd from source pin "x1" to destination pin "P1" is 8.926 ns
    Info: 1: + IC(0.000 ns) + CELL(1.132 ns) = 1.132 ns; Loc. = PIN_38; Fanout = 3; PIN Node = 'x1'
    Info: 2: + IC(2.677 ns) + CELL(0.914 ns) = 4.723 ns; Loc. = LC_X2_Y3_N7; Fanout = 1; COMB Node = 'inst25'
    Info: 3: + IC(1.881 ns) + CELL(2.322 ns) = 8.926 ns; Loc. = PIN_5; Fanout = 0; PIN Node = 'P1'
    Info: Total cell delay = 4.368 ns ( 48.94 % )
    Info: Total interconnect delay = 4.558 ns ( 51.06 % )
Info: Quartus II Classic Timing Analyzer was successful. 0 errors, 0 warnings
    Info: Peak virtual memory: 189 megabytes
    Info: Processing ended: Sat Apr 19 23:01:10 2025
    Info: Elapsed time: 00:00:00
    Info: Total CPU time (on all processors): 00:00:01


