Flow report for OCHS
Tue Apr 22 15:42:03 2025
Quartus II Version 9.1 Build 222 10/21/2009 SJ Web Edition


---------------------
; Table of Contents ;
---------------------
  1. Legal Notice
  2. Flow Summary
  3. Flow Settings
  4. Flow Non-Default Global Settings
  5. Flow Elapsed Time
  6. Flow OS Summary
  7. Flow Log



----------------
; Legal Notice ;
----------------
Copyright (C) 1991-2009 Altera Corporation
Your use of Altera Corporation's design tools, logic functions 
and other software and tools, and its AMPP partner logic 
functions, and any output files from any of the foregoing 
(including device programming or simulation files), and any 
associated documentation or information are expressly subject 
to the terms and conditions of the Altera Program License 
Subscription Agreement, Altera MegaCore Function License 
Agreement, or other applicable license agreement, including, 
without limitation, that your use is for the sole purpose of 
programming logic devices manufactured by Altera and sold by 
Altera or its authorized distributors.  Please refer to the 
applicable agreement for further details.



+-------------------------------------------------------------------+
; Flow Summary                                                      ;
+-------------------------+-----------------------------------------+
; Flow Status             ; Successful - Tue Apr 22 15:42:03 2025   ;
; Quartus II Version      ; 9.1 Build 222 10/21/2009 SJ Web Edition ;
; Revision Name           ; OCHS                                    ;
; Top-level Entity Name   ; OCHS                                    ;
; Family                  ; MAX II                                  ;
; Device                  ; EPM240T100C5                            ;
; Timing Models           ; Final                                   ;
; Met timing requirements ; Yes                                     ;
; Total logic elements    ; 3 / 240 ( 1 % )                         ;
; Total pins              ; 7 / 80 ( 9 % )                          ;
; Total virtual pins      ; 0                                       ;
; UFM blocks              ; 0 / 1 ( 0 % )                           ;
+-------------------------+-----------------------------------------+


+-----------------------------------------+
; Flow Settings                           ;
+-------------------+---------------------+
; Option            ; Setting             ;
+-------------------+---------------------+
; Start date & time ; 04/22/2025 15:41:57 ;
; Main task         ; Compilation         ;
; Revision Name     ; OCHS                ;
+-------------------+---------------------+


+--------------------------------------------------------------------------------------------------------------------------------------------------+
; Flow Non-Default Global Settings                                                                                                                 ;
+---------------------------------------+-----------------------------------------------------------+---------------+-------------+----------------+
; Assignment Name                       ; Value                                                     ; Default Value ; Entity Name ; Section Id     ;
+---------------------------------------+-----------------------------------------------------------+---------------+-------------+----------------+
; COMPILER_SIGNATURE_ID                 ; 1098101224836.174532571707876                             ; --            ; --          ; --             ;
; MAX_CORE_JUNCTION_TEMP                ; 85                                                        ; --            ; --          ; --             ;
; MIN_CORE_JUNCTION_TEMP                ; 0                                                         ; --            ; --          ; --             ;
; MISC_FILE                             ; C:/Users/Александр/Desktop/Универ/OCHS/OCHS.dpf           ; --            ; --          ; --             ;
; MISC_FILE                             ; C:/Users/Александр/Desktop/Универ/Save OCHS/OCHS/OCHS.dpf ; --            ; --          ; --             ;
; POWER_EXT_SUPPLY_VOLTAGE_TO_REGULATOR ; 3.3V                                                      ; --            ; --          ; --             ;
; USE_GENERATED_PHYSICAL_CONSTRAINTS    ; Off                                                       ; --            ; --          ; eda_blast_fpga ;
+---------------------------------------+-----------------------------------------------------------+---------------+-------------+----------------+


+-----------------------------------------------------------------------------------------------------------------------------+
; Flow Elapsed Time                                                                                                           ;
+-------------------------+--------------+-------------------------+---------------------+------------------------------------+
; Module Name             ; Elapsed Time ; Average Processors Used ; Peak Virtual Memory ; Total CPU Time (on all processors) ;
+-------------------------+--------------+-------------------------+---------------------+------------------------------------+
; Analysis & Synthesis    ; 00:00:01     ; 1.0                     ; 220 MB              ; 00:00:01                           ;
; Fitter                  ; 00:00:02     ; 1.0                     ; 235 MB              ; 00:00:02                           ;
; Assembler               ; 00:00:01     ; 1.0                     ; 203 MB              ; 00:00:00                           ;
; Classic Timing Analyzer ; 00:00:00     ; 1.0                     ; 174 MB              ; 00:00:01                           ;
; Total                   ; 00:00:04     ; --                      ; --                  ; 00:00:04                           ;
+-------------------------+--------------+-------------------------+---------------------+------------------------------------+


+------------------------------------------------------------------------------------------+
; Flow OS Summary                                                                          ;
+-------------------------+------------------+---------------+------------+----------------+
; Module Name             ; Machine Hostname ; OS Name       ; OS Version ; Processor type ;
+-------------------------+------------------+---------------+------------+----------------+
; Analysis & Synthesis    ; DESKTOP-FN0ADSK  ; Windows Vista ; 6.2        ; x86_64         ;
; Fitter                  ; DESKTOP-FN0ADSK  ; Windows Vista ; 6.2        ; x86_64         ;
; Assembler               ; DESKTOP-FN0ADSK  ; Windows Vista ; 6.2        ; x86_64         ;
; Classic Timing Analyzer ; DESKTOP-FN0ADSK  ; Windows Vista ; 6.2        ; x86_64         ;
+-------------------------+------------------+---------------+------------+----------------+


------------
; Flow Log ;
------------
quartus_map --read_settings_files=on --write_settings_files=off OCHS -c OCHS
quartus_fit --read_settings_files=off --write_settings_files=off OCHS -c OCHS
quartus_asm --read_settings_files=off --write_settings_files=off OCHS -c OCHS
quartus_tan --read_settings_files=off --write_settings_files=off OCHS -c OCHS



